TN:
SF:src/app.ts
FN:25,(anonymous_1)
FN:35,init
FN:40,close
FNF:3
FNH:2
FNDA:1,(anonymous_1)
FNDA:11,init
FNDA:0,close
DA:1,10
DA:2,10
DA:3,10
DA:4,10
DA:6,10
DA:8,10
DA:10,10
DA:11,10
DA:21,10
DA:22,10
DA:25,1
DA:35,10
DA:36,11
DA:37,11
DA:40,10
DA:41,0
DA:44,10
LF:17
LH:16
BRF:0
BRH:0
end_of_record
TN:
SF:src/config/database.ts
FN:4,connectDb
FN:8,disconnectDB
FNF:2
FNH:1
FNDA:11,connectDb
FNDA:0,disconnectDB
DA:1,13
DA:4,13
DA:5,11
DA:8,13
DA:9,0
LF:5
LH:4
BRF:0
BRH:0
end_of_record
TN:
SF:src/config/envs.ts
FN:4,loadEnv
FNF:1
FNH:1
FNDA:23,loadEnv
DA:1,13
DA:2,13
DA:4,13
DA:6,23
DA:12,23
DA:13,23
LF:6
LH:6
BRDA:6,0,0,23
BRDA:6,0,1,0
BRDA:8,1,0,0
BRDA:8,1,1,0
BRF:4
BRH:1
end_of_record
TN:
SF:src/config/index.ts
FNF:0
FNH:0
DA:1,13
DA:2,13
LF:2
LH:2
BRF:0
BRH:0
end_of_record
TN:
SF:src/controllers/authentication-controller.ts
FN:4,singInPost
FNF:1
FNH:1
FNDA:5,singInPost
DA:1,10
DA:3,10
DA:4,10
DA:5,5
DA:7,5
DA:8,5
DA:9,0
DA:11,5
LF:8
LH:7
BRF:0
BRH:0
end_of_record
TN:
SF:src/controllers/enrollments-controller.ts
FN:6,getEnrollmentByUser
FN:18,postCreateOrUpdateEnrollment
FN:32,getAddressFromCEP
FNF:3
FNH:3
FNDA:2,getEnrollmentByUser
FNDA:2,postCreateOrUpdateEnrollment
FNDA:2,getAddressFromCEP
DA:2,10
DA:4,10
DA:6,10
DA:7,2
DA:9,2
DA:10,2
DA:12,1
DA:14,1
DA:18,10
DA:19,2
DA:20,2
DA:25,1
DA:27,1
DA:28,1
DA:32,10
DA:33,2
DA:35,2
DA:36,2
DA:37,1
DA:39,1
DA:40,1
LF:21
LH:21
BRDA:39,0,0,1
BRF:1
BRH:1
end_of_record
TN:
SF:src/controllers/events-controller.ts
FN:5,getDefaultEvent
FNF:1
FNH:1
FNDA:2,getDefaultEvent
DA:1,10
DA:3,10
DA:5,10
DA:6,2
DA:7,2
DA:8,1
DA:10,1
LF:7
LH:7
BRF:0
BRH:0
end_of_record
TN:
SF:src/controllers/hotels-controllers.ts
FN:8,getHotels
FN:23,getHotelById
FNF:2
FNH:0
FNDA:0,getHotels
FNDA:0,getHotelById
DA:3,10
DA:4,10
DA:5,10
DA:8,10
DA:9,0
DA:10,0
DA:11,0
DA:13,0
DA:14,0
DA:15,0
DA:17,0
DA:18,0
DA:19,0
DA:23,10
DA:24,0
DA:25,0
DA:26,0
DA:27,0
DA:29,0
DA:30,0
DA:31,0
DA:33,0
DA:34,0
LF:23
LH:5
BRDA:18,0,0,0
BRDA:33,1,0,0
BRF:2
BRH:0
end_of_record
TN:
SF:src/controllers/index.ts
FNF:0
FNH:0
DA:1,10
DA:2,10
DA:3,10
DA:4,10
DA:5,10
DA:6,10
LF:6
LH:6
BRF:0
BRH:0
end_of_record
TN:
SF:src/controllers/payments-controller.ts
FN:6,getPaymentByTicketId
FN:28,paymentProcess
FNF:2
FNH:2
FNDA:3,getPaymentByTicketId
FNDA:2,paymentProcess
DA:2,10
DA:4,10
DA:6,10
DA:7,3
DA:8,3
DA:9,3
DA:11,3
DA:12,1
DA:14,2
DA:16,1
DA:17,0
DA:19,1
DA:21,1
DA:22,0
DA:24,1
DA:28,10
DA:29,2
DA:30,2
DA:34,2
DA:36,2
DA:37,0
DA:39,2
DA:41,2
DA:42,0
DA:45,2
DA:47,0
DA:48,0
DA:50,0
LF:28
LH:21
BRDA:11,0,0,1
BRDA:16,1,0,0
BRDA:21,2,0,0
BRDA:36,3,0,0
BRDA:36,4,0,2
BRDA:36,4,1,2
BRDA:41,5,0,0
BRDA:47,6,0,0
BRF:8
BRH:3
end_of_record
TN:
SF:src/controllers/tickets-controller.ts
FN:6,getTicketTypes
FN:16,getTickets
FN:28,createTicket
FNF:3
FNH:3
FNDA:2,getTicketTypes
FNDA:1,getTickets
FNDA:2,createTicket
DA:2,10
DA:4,10
DA:6,10
DA:7,2
DA:8,2
DA:10,2
DA:12,0
DA:16,10
DA:17,1
DA:19,1
DA:20,1
DA:22,0
DA:24,1
DA:28,10
DA:29,2
DA:32,2
DA:34,2
DA:35,1
DA:38,1
DA:39,1
DA:41,0
DA:43,1
LF:22
LH:19
BRDA:34,0,0,1
BRF:1
BRH:1
end_of_record
TN:
SF:src/controllers/users-controller.ts
FN:5,usersPost
FNF:1
FNH:1
FNDA:6,usersPost
DA:1,10
DA:3,10
DA:5,10
DA:6,6
DA:8,6
DA:9,6
DA:10,1
DA:15,5
DA:16,1
DA:18,4
LF:10
LH:10
BRDA:15,0,0,1
BRF:1
BRH:1
end_of_record
TN:
SF:src/errors/cannot-enroll-before-start-date-error.ts
FN:3,cannotEnrollBeforeStartDateError
FNF:1
FNH:1
FNDA:5,cannotEnrollBeforeStartDateError
DA:3,10
DA:4,5
LF:2
LH:2
BRF:0
BRH:0
end_of_record
TN:
SF:src/errors/conflict-error.ts
FN:3,conflictError
FNF:1
FNH:0
FNDA:0,conflictError
DA:3,10
DA:4,0
LF:2
LH:1
BRF:0
BRH:0
end_of_record
TN:
SF:src/errors/index.ts
FNF:0
FNH:0
DA:1,10
DA:2,10
DA:3,10
DA:4,10
DA:5,10
DA:6,10
DA:7,10
DA:8,10
LF:8
LH:8
BRF:0
BRH:0
end_of_record
TN:
SF:src/errors/invalid-data-error.ts
FN:3,invalidDataError
FNF:1
FNH:1
FNDA:7,invalidDataError
DA:3,10
DA:4,7
LF:2
LH:2
BRF:0
BRH:0
end_of_record
TN:
SF:src/errors/invalid-email-error.ts
FN:3,invalidEmailError
FNF:1
FNH:0
FNDA:0,invalidEmailError
DA:3,10
DA:4,0
LF:2
LH:1
BRF:0
BRH:0
end_of_record
TN:
SF:src/errors/not-found-error.ts
FN:3,notFoundError
FNF:1
FNH:1
FNDA:6,notFoundError
DA:3,10
DA:4,6
LF:2
LH:2
BRF:0
BRH:0
end_of_record
TN:
SF:src/errors/payment-error.ts
FN:3,paymentRequiredError
FNF:1
FNH:0
FNDA:0,paymentRequiredError
DA:3,10
DA:4,0
LF:2
LH:1
BRF:0
BRH:0
end_of_record
TN:
SF:src/errors/request-error.ts
FN:3,requestError
FNF:1
FNH:1
FNDA:1,requestError
DA:3,10
DA:4,1
LF:2
LH:2
BRF:0
BRH:0
end_of_record
TN:
SF:src/errors/unauthorized-error.ts
FN:3,unauthorizedError
FNF:1
FNH:1
FNDA:25,unauthorizedError
DA:3,10
DA:4,25
LF:2
LH:2
BRF:0
BRH:0
end_of_record
TN:
SF:src/middlewares/authentication-middleware.ts
FN:8,authenticateToken
FN:33,generateUnauthorizedResponse
FNF:2
FNH:2
FNDA:42,authenticateToken
FNDA:25,generateUnauthorizedResponse
DA:2,10
DA:3,10
DA:5,10
DA:6,10
DA:8,10
DA:9,42
DA:10,42
DA:12,34
DA:13,34
DA:15,34
DA:16,34
DA:18,26
DA:23,26
DA:25,17
DA:27,17
DA:29,8
DA:33,10
DA:34,25
LF:18
LH:18
BRDA:10,0,0,8
BRDA:13,1,0,0
BRDA:23,2,0,9
BRF:3
BRH:2
end_of_record
TN:
SF:src/middlewares/error-handling-middleware.ts
FN:5,handleApplicationErrors
FNF:1
FNH:0
FNDA:0,handleApplicationErrors
DA:3,10
DA:5,10
DA:6,0
DA:7,0
DA:12,0
DA:13,0
DA:18,0
DA:19,0
DA:24,0
DA:25,0
DA:30,0
DA:31,0
DA:37,0
DA:38,0
LF:14
LH:2
BRDA:6,0,0,0
BRDA:12,1,0,0
BRDA:12,2,0,0
BRDA:12,2,1,0
BRDA:18,3,0,0
BRDA:24,4,0,0
BRDA:30,5,0,0
BRF:7
BRH:0
end_of_record
TN:
SF:src/middlewares/hotels-middleware.ts
FN:5,verifyIfHotelExists
FNF:1
FNH:0
FNDA:0,verifyIfHotelExists
DA:2,10
DA:3,10
DA:5,10
DA:6,0
DA:8,0
DA:14,0
DA:16,0
LF:7
LH:3
BRDA:14,0,0,0
BRF:1
BRH:0
end_of_record
TN:
SF:src/middlewares/index.ts
FNF:0
FNH:0
DA:1,10
DA:2,10
DA:3,10
DA:4,10
LF:4
LH:4
BRF:0
BRH:0
end_of_record
TN:
SF:src/middlewares/validation-middleware.ts
FN:6,validateBody
FN:10,validateParams
FN:14,validate
FN:15,(anonymous_4)
FN:23,(anonymous_5)
FNF:5
FNH:4
FNDA:30,validateBody
FNDA:0,validateParams
FNDA:30,validate
FNDA:20,(anonymous_4)
FNDA:23,(anonymous_5)
DA:1,10
DA:3,10
DA:6,10
DA:7,30
DA:10,10
DA:11,0
DA:15,30
DA:16,20
DA:20,20
DA:21,13
DA:23,23
LF:11
LH:10
BRDA:20,0,0,13
BRDA:20,0,1,7
BRF:2
BRH:2
end_of_record
TN:
SF:src/repositories/address-repository/index.ts
FN:4,upsert
FNF:1
FNH:1
FNDA:1,upsert
DA:1,10
DA:5,1
DA:20,10
DA:24,10
LF:4
LH:4
BRF:0
BRH:0
end_of_record
TN:
SF:src/repositories/enrollment-repository/index.ts
FN:4,findWithAddressByUserId
FN:13,findById
FN:19,upsert
FNF:3
FNH:3
FNDA:4,findWithAddressByUserId
FNDA:3,findById
FNDA:2,upsert
DA:1,10
DA:5,4
DA:14,3
DA:24,2
DA:36,10
DA:42,10
LF:6
LH:6
BRF:0
BRH:0
end_of_record
TN:
SF:src/repositories/event-repository/index.ts
FN:3,findFirst
FNF:1
FNH:1
FNDA:11,findFirst
DA:1,10
DA:4,11
DA:7,10
DA:11,10
LF:4
LH:4
BRF:0
BRH:0
end_of_record
TN:
SF:src/repositories/hotels-repositories/index.ts
FN:3,getHotelsRepository
FN:7,findEnrollmentQuery
FN:15,verifyTicketIdQuery
FN:23,verifyPaymentIdQuery
FN:31,verifyTicketIdType
FN:39,getHotelsWithId
FNF:6
FNH:0
FNDA:0,getHotelsRepository
FNDA:0,findEnrollmentQuery
FNDA:0,verifyTicketIdQuery
FNDA:0,verifyPaymentIdQuery
FNDA:0,verifyTicketIdType
FNDA:0,getHotelsWithId
DA:1,10
DA:4,0
DA:8,0
DA:16,0
DA:24,0
DA:32,0
DA:40,0
DA:54,10
DA:63,10
LF:9
LH:3
BRF:0
BRH:0
end_of_record
TN:
SF:src/repositories/payment-repository/index.ts
FN:4,findPaymentByTicketId
FN:12,createPayment
FNF:2
FNH:2
FNDA:1,findPaymentByTicketId
FNDA:2,createPayment
DA:1,10
DA:5,1
DA:13,2
DA:23,10
DA:28,10
LF:5
LH:5
BRF:0
BRH:0
end_of_record
TN:
SF:src/repositories/session-repository/index.ts
FN:4,create
FNF:1
FNH:1
FNDA:5,create
DA:1,10
DA:5,5
DA:10,10
DA:14,10
LF:4
LH:4
BRF:0
BRH:0
end_of_record
TN:
SF:src/repositories/ticket-repository/index.ts
FN:4,findTicketTypes
FN:8,findTickeyById
FN:18,findTickeWithTypeById
FN:29,findTicketByEnrollmentId
FN:40,createTicket
FN:48,ticketProcessPayment
FNF:6
FNH:4
FNDA:2,findTicketTypes
FNDA:4,findTickeyById
FNDA:2,findTickeWithTypeById
FNDA:0,findTicketByEnrollmentId
FNDA:0,createTicket
FNDA:2,ticketProcessPayment
DA:1,10
DA:2,10
DA:5,2
DA:9,4
DA:19,2
DA:30,0
DA:41,0
DA:49,2
DA:61,10
DA:70,10
LF:10
LH:8
BRF:0
BRH:0
end_of_record
TN:
SF:src/repositories/user-repository/index.ts
FN:4,findByEmail
FN:18,create
FNF:2
FNH:2
FNDA:13,findByEmail
FNDA:2,create
DA:1,10
DA:5,13
DA:11,13
DA:12,9
DA:15,13
DA:19,2
DA:24,10
DA:29,10
LF:8
LH:8
BRDA:11,0,0,9
BRF:1
BRH:1
end_of_record
TN:
SF:src/routers/authentication-router.ts
FNF:0
FNH:0
DA:1,10
DA:2,10
DA:3,10
DA:4,10
DA:6,10
DA:8,10
DA:10,10
LF:7
LH:7
BRF:0
BRH:0
end_of_record
TN:
SF:src/routers/enrollments-router.ts
FNF:0
FNH:0
DA:1,10
DA:2,10
DA:3,10
DA:4,10
DA:6,10
DA:8,10
DA:14,10
LF:7
LH:7
BRF:0
BRH:0
end_of_record
TN:
SF:src/routers/events-router.ts
FNF:0
FNH:0
DA:1,10
DA:2,10
DA:4,10
DA:6,10
DA:8,10
LF:5
LH:5
BRF:0
BRH:0
end_of_record
TN:
SF:src/routers/hotel-router.ts
FNF:0
FNH:0
DA:1,10
DA:2,10
DA:3,10
DA:4,10
DA:6,10
DA:8,10
DA:9,10
DA:11,10
LF:8
LH:8
BRF:0
BRH:0
end_of_record
TN:
SF:src/routers/index.ts
FNF:0
FNH:0
DA:1,10
DA:2,10
DA:3,10
DA:4,10
DA:5,10
DA:6,10
DA:7,10
LF:7
LH:7
BRF:0
BRH:0
end_of_record
TN:
SF:src/routers/payments-router.ts
FNF:0
FNH:0
DA:1,10
DA:2,10
DA:3,10
DA:5,10
DA:7,10
DA:12,10
LF:6
LH:6
BRF:0
BRH:0
end_of_record
TN:
SF:src/routers/tickets-router.ts
FNF:0
FNH:0
DA:1,10
DA:2,10
DA:3,10
DA:5,10
DA:7,10
DA:13,10
LF:6
LH:6
BRF:0
BRH:0
end_of_record
TN:
SF:src/routers/users-router.ts
FNF:0
FNH:0
DA:1,10
DA:3,10
DA:4,10
DA:5,10
DA:7,10
DA:9,10
DA:11,10
LF:7
LH:7
BRF:0
BRH:0
end_of_record
TN:
SF:src/schemas/authentication-schemas.ts
FNF:0
FNH:0
DA:2,13
DA:4,13
LF:2
LH:2
BRF:0
BRH:0
end_of_record
TN:
SF:src/schemas/enrollments-schemas.ts
FN:23,(anonymous_1)
FN:30,joiCpfValidation
FN:40,JoiCepValidation
FN:50,joiMobilePhoneValidation
FNF:4
FNH:4
FNDA:351,(anonymous_1)
FNDA:29,joiCpfValidation
FNDA:20,JoiCepValidation
FNDA:25,joiMobilePhoneValidation
DA:2,13
DA:3,13
DA:5,13
DA:7,13
DA:9,13
DA:11,13
DA:23,351
DA:31,29
DA:33,29
DA:34,1
DA:37,28
DA:41,20
DA:43,20
DA:44,1
DA:47,19
DA:51,25
DA:53,25
DA:54,1
DA:57,24
LF:19
LH:19
BRDA:31,0,0,0
BRDA:33,1,0,1
BRDA:41,2,0,0
BRDA:43,3,0,1
BRDA:51,4,0,0
BRDA:53,5,0,1
BRF:6
BRH:3
end_of_record
TN:
SF:src/schemas/index.ts
FNF:0
FNH:0
DA:1,13
DA:2,13
DA:3,13
LF:3
LH:3
BRF:0
BRH:0
end_of_record
TN:
SF:src/schemas/users-schemas.ts
FNF:0
FNH:0
DA:2,13
DA:4,13
LF:2
LH:2
BRF:0
BRH:0
end_of_record
TN:
SF:src/services/authentication-service/errors.ts
FN:3,invalidCredentialsError
FNF:1
FNH:1
FNDA:6,invalidCredentialsError
DA:3,10
DA:4,6
LF:2
LH:2
BRF:0
BRH:0
end_of_record
TN:
SF:src/services/authentication-service/index.ts
FN:9,signIn
FN:24,getUserOrFail
FN:31,createSession
FN:41,validatePasswordOrFail
FNF:4
FNH:4
FNDA:9,signIn
FNDA:9,getUserOrFail
FNDA:5,createSession
FNDA:7,validatePasswordOrFail
DA:1,10
DA:2,10
DA:3,10
DA:5,10
DA:6,10
DA:7,10
DA:10,9
DA:12,9
DA:14,7
DA:16,5
DA:18,1
DA:25,9
DA:26,9
DA:28,7
DA:32,5
DA:33,5
DA:38,1
DA:42,7
DA:43,7
DA:55,10
DA:59,10
DA:60,10
LF:22
LH:22
BRDA:26,0,0,2
BRDA:43,1,0,2
BRF:2
BRH:2
end_of_record
TN:
SF:src/services/enrollments-service/index.ts
FN:9,getAddressFromCEP
FN:35,getOneWithAddressByUserId
FN:51,getFirstAddress
FN:59,createOrUpdateEnrollmentWithAddress
FN:73,getAddressForUpsert
FNF:5
FNH:5
FNDA:4,getAddressFromCEP
FNDA:2,getOneWithAddressByUserId
FNDA:1,getFirstAddress
FNDA:2,createOrUpdateEnrollmentWithAddress
FNDA:2,getAddressForUpsert
DA:2,10
DA:3,10
DA:4,10
DA:5,10
DA:6,10
DA:10,4
DA:12,4
DA:13,1
DA:22,3
DA:24,3
DA:32,3
DA:36,2
DA:38,2
DA:40,1
DA:41,1
DA:43,1
DA:52,1
DA:54,1
DA:60,2
DA:61,2
DA:62,2
DA:64,2
DA:65,0
DA:68,2
DA:70,1
DA:74,2
DA:84,10
DA:90,10
LF:28
LH:27
BRDA:12,0,0,1
BRDA:38,1,0,1
BRDA:45,2,0,1
BRDA:45,2,1,1
BRDA:52,3,0,0
BRDA:64,4,0,0
BRDA:76,5,0,2
BRDA:76,5,1,2
BRF:8
BRH:6
end_of_record
TN:
SF:src/services/events-service/index.ts
FN:7,getFirstEvent
FN:16,isCurrentEventActive
FNF:2
FNH:2
FNDA:2,getFirstEvent
FNDA:9,isCurrentEventActive
DA:1,10
DA:2,10
DA:3,10
DA:5,10
DA:8,2
DA:9,2
DA:11,1
DA:17,9
DA:18,9
DA:20,4
DA:21,4
DA:22,4
DA:24,4
DA:27,10
DA:32,10
LF:15
LH:15
BRDA:9,0,0,1
BRDA:18,1,0,5
BRDA:24,2,0,4
BRDA:24,2,1,4
BRF:4
BRH:4
end_of_record
TN:
SF:src/services/hotels-services/index.ts
FN:4,getHotelsServices
FN:25,getHotelById
FNF:2
FNH:0
FNDA:0,getHotelsServices
FNDA:0,getHotelById
DA:1,10
DA:2,10
DA:5,0
DA:6,0
DA:8,0
DA:9,0
DA:10,0
DA:12,0
DA:13,0
DA:14,0
DA:16,0
DA:17,0
DA:18,0
DA:20,0
DA:22,0
DA:26,0
DA:27,0
DA:29,0
DA:30,0
DA:31,0
DA:33,0
DA:34,0
DA:35,0
DA:37,0
DA:38,0
DA:39,0
DA:41,0
DA:44,10
DA:49,10
LF:29
LH:4
BRDA:6,0,0,0
BRDA:10,1,0,0
BRDA:14,2,0,0
BRDA:18,3,0,0
BRDA:18,4,0,0
BRDA:18,4,1,0
BRDA:27,5,0,0
BRDA:31,6,0,0
BRDA:35,7,0,0
BRDA:39,8,0,0
BRDA:39,9,0,0
BRDA:39,9,1,0
BRF:12
BRH:0
end_of_record
TN:
SF:src/services/payments-service/index.ts
FN:6,verifyTicketAndEnrollment
FN:19,getPaymentByTicketId
FN:30,paymentProcess
FNF:3
FNH:3
FNDA:4,verifyTicketAndEnrollment
FNDA:2,getPaymentByTicketId
FNDA:2,paymentProcess
DA:1,10
DA:2,10
DA:3,10
DA:4,10
DA:7,4
DA:9,4
DA:10,1
DA:12,3
DA:14,3
DA:15,0
DA:20,2
DA:22,1
DA:24,1
DA:25,0
DA:27,1
DA:31,2
DA:33,2
DA:35,2
DA:42,2
DA:44,2
DA:46,2
DA:57,10
DA:62,10
LF:23
LH:21
BRDA:9,0,0,1
BRDA:14,1,0,0
BRDA:24,2,0,0
BRF:3
BRH:1
end_of_record
TN:
SF:src/services/tickets-service/index.ts
FN:6,getTicketTypes
FN:15,getTicketByUserId
FN:28,createTicket
FNF:3
FNH:3
FNDA:2,getTicketTypes
FNDA:1,getTicketByUserId
FNDA:1,createTicket
DA:1,10
DA:2,10
DA:3,10
DA:4,10
DA:7,2
DA:9,2
DA:10,0
DA:12,2
DA:16,1
DA:17,1
DA:18,1
DA:20,0
DA:21,0
DA:22,0
DA:25,0
DA:29,1
DA:30,1
DA:31,1
DA:34,0
DA:40,0
DA:42,0
DA:44,0
DA:47,10
DA:53,10
LF:24
LH:15
BRDA:9,0,0,0
BRDA:17,1,0,1
BRDA:21,2,0,0
BRDA:30,3,0,1
BRF:4
BRH:2
end_of_record
TN:
SF:src/services/users-service/errors.ts
FN:3,duplicatedEmailError
FNF:1
FNH:1
FNDA:4,duplicatedEmailError
DA:3,10
DA:4,4
LF:2
LH:2
BRF:0
BRH:0
end_of_record
TN:
SF:src/services/users-service/index.ts
FN:8,createUser
FN:20,validateUniqueEmailOrFail
FN:27,canEnrollOrFail
FNF:3
FNH:3
FNDA:9,createUser
FNDA:4,validateUniqueEmailOrFail
FNDA:9,canEnrollOrFail
DA:1,10
DA:2,10
DA:4,10
DA:5,10
DA:6,10
DA:8,10
DA:9,9
DA:11,4
DA:13,2
DA:14,2
DA:21,4
DA:22,4
DA:23,2
DA:28,9
DA:29,9
DA:30,5
DA:36,10
DA:40,10
DA:41,10
LF:19
LH:19
BRDA:22,0,0,2
BRDA:29,1,0,5
BRF:2
BRH:2
end_of_record
TN:
SF:src/utils/cep-service.ts
FN:4,getAddress
FNF:1
FNH:1
FNDA:4,getAddress
DA:2,10
DA:5,4
DA:6,4
DA:10,10
LF:4
LH:4
BRF:0
BRH:0
end_of_record
TN:
SF:src/utils/prisma-utils.ts
FN:1,exclude
FNF:1
FNH:1
FNDA:8,exclude
DA:1,10
DA:2,8
DA:3,8
DA:4,14
DA:6,8
LF:5
LH:5
BRF:0
BRH:0
end_of_record
TN:
SF:src/utils/request.ts
FN:4,get
FNF:1
FNH:1
FNDA:4,get
DA:1,10
DA:2,10
DA:5,4
DA:6,4
DA:7,3
DA:12,1
DA:14,1
DA:18,10
LF:8
LH:8
BRF:0
BRH:0
end_of_record
TN:
SF:tests/helpers.ts
FN:8,cleanDb
FN:19,generateValidToken
FNF:2
FNH:2
FNDA:45,cleanDb
FNDA:27,generateValidToken
DA:1,9
DA:4,9
DA:5,9
DA:6,9
DA:8,9
DA:9,45
DA:10,45
DA:11,45
DA:12,45
DA:13,45
DA:14,45
DA:15,45
DA:16,41
DA:19,9
DA:20,27
DA:21,27
DA:23,27
DA:25,27
LF:18
LH:18
BRDA:20,0,0,27
BRDA:20,0,1,9
BRF:2
BRH:2
end_of_record
TN:
SF:tests/factories/enrollments-factory.ts
FN:8,createEnrollmentWithAddress
FN:35,createhAddressWithCEP
FNF:2
FNH:2
FNDA:18,createEnrollmentWithAddress
FNDA:1,createhAddressWithCEP
DA:1,9
DA:2,9
DA:5,9
DA:6,9
DA:8,9
DA:9,18
DA:11,18
DA:35,9
DA:36,1
LF:9
LH:9
BRDA:9,0,0,18
BRDA:9,0,1,0
BRF:2
BRH:1
end_of_record
TN:
SF:tests/factories/events-factory.ts
FN:6,createEvent
FNF:1
FNH:1
FNDA:4,createEvent
DA:1,9
DA:2,9
DA:4,9
DA:6,9
DA:7,4
LF:5
LH:5
BRDA:6,0,0,3
BRDA:9,1,0,4
BRDA:9,1,1,4
BRDA:10,2,0,4
BRDA:10,2,1,4
BRDA:11,3,0,4
BRDA:11,3,1,4
BRDA:12,4,0,4
BRDA:12,4,1,3
BRDA:13,5,0,4
BRDA:13,5,1,4
BRF:11
BRH:11
end_of_record
TN:
SF:tests/factories/index.ts
FNF:0
FNH:0
DA:1,9
DA:2,9
DA:3,9
DA:4,9
DA:5,9
DA:6,9
LF:6
LH:6
BRF:0
BRH:0
end_of_record
TN:
SF:tests/factories/payments-factory.ts
FN:4,createPayment
FN:15,generateCreditCardData
FNF:2
FNH:2
FNDA:1,createPayment
FNDA:4,generateCreditCardData
DA:1,9
DA:2,9
DA:4,9
DA:5,1
DA:15,9
DA:16,4
DA:18,4
LF:7
LH:7
BRF:0
BRH:0
end_of_record
TN:
SF:tests/factories/sessions-factory.ts
FN:5,createSession
FNF:1
FNH:1
FNDA:27,createSession
DA:2,9
DA:3,9
DA:5,9
DA:6,27
DA:8,27
LF:5
LH:5
BRF:0
BRH:0
end_of_record
TN:
SF:tests/factories/tickets-factory.ts
FN:5,createTicketType
FN:16,createTicket
FNF:2
FNH:2
FNDA:8,createTicketType
FNDA:5,createTicket
DA:1,9
DA:2,9
DA:5,9
DA:6,8
DA:16,9
DA:17,5
LF:6
LH:6
BRF:0
BRH:0
end_of_record
TN:
SF:tests/factories/users-factory.ts
FN:6,createUser
FNF:1
FNH:1
FNDA:71,createUser
DA:1,9
DA:2,9
DA:4,9
DA:6,9
DA:7,71
DA:8,71
DA:10,71
LF:7
LH:7
BRDA:6,0,0,63
BRDA:7,1,0,71
BRDA:7,1,1,63
BRDA:12,2,0,71
BRDA:12,2,1,63
BRF:5
BRH:5
end_of_record
